#
# There is insufficient memory for the Java Runtime Environment to continue.
# Native memory allocation (malloc) failed to allocate 122683392 bytes for committing reserved memory.
# Possible reasons:
#   The system is out of physical RAM or swap space
#   In 32 bit mode, the process size limit was hit
# Possible solutions:
#   Reduce memory load on the system
#   Increase physical memory or swap space
#   Check if swap backing store is full
#   Use 64 bit Java on a 64 bit OS
#   Decrease Java heap size (-Xmx/-Xms)
#   Decrease number of Java threads
#   Decrease Java thread stack sizes (-Xss)
#   Set larger code cache with -XX:ReservedCodeCacheSize=
# This output file may be truncated or incomplete.
#
#  Out of Memory Error (os_linux.cpp:2798), pid=19767, tid=1767533376
#
# JRE version: OpenJDK Runtime Environment (7.0_75-b13) (build 1.7.0_75-b13)
# Java VM: OpenJDK Server VM (24.75-b04 mixed mode linux-x86 )
# Derivative: IcedTea 2.5.4
# Distribution: Ubuntu 14.04 LTS, package 7u75-2.5.4-1~trusty1
# Failed to write core dump. Core dumps have been disabled. To enable core dumping, try "ulimit -c unlimited" before starting Java again
#

---------------  T H R E A D  ---------------

Current thread (0x69480800):  VMThread [stack: 0x69526000,0x695a7000] [id=19773]

Stack: [0x69526000,0x695a7000]
VM_Operation (0x68090b04): ParallelGCFailedAllocation, mode: safepoint, requested by thread 0x6bf6a400


---------------  P R O C E S S  ---------------

Java Threads: ( => current thread )
  0x6bf6bc00 JavaThread "Timer-2" [_thread_blocked, id=19867, stack(0x67f4e000,0x67f9f000)]
  0xb632d400 JavaThread "nioEventLoopGroup-7-2" [_thread_blocked, id=19863, stack(0x67ff0000,0x68041000)]
  0x6bf6a400 JavaThread "nioEventLoopGroup-3-7" [_thread_blocked, id=19853, stack(0x68041000,0x68092000)]
  0x6bf68c00 JavaThread "nioEventLoopGroup-3-6" [_thread_blocked, id=19818, stack(0x68092000,0x680e3000)]
  0x6bf67c00 JavaThread "nioEventLoopGroup-3-5" [_thread_blocked, id=19814, stack(0x680e3000,0x68134000)]
  0x6bf66c00 JavaThread "nioEventLoopGroup-3-4" [_thread_blocked, id=19810, stack(0x68134000,0x68185000)]
  0x6bf7f800 JavaThread "nioEventLoopGroup-3-3" [_thread_blocked, id=19808, stack(0x68185000,0x681d6000)]
  0x6bf7e800 JavaThread "nioEventLoopGroup-3-2" [_thread_blocked, id=19806, stack(0x681d6000,0x68227000)]
  0x6bf64400 JavaThread "nioEventLoopGroup-3-1" [_thread_blocked, id=19802, stack(0x68278000,0x682c9000)]
  0x6bf62400 JavaThread "nioEventLoopGroup-2-1" [_thread_blocked, id=19800, stack(0x6831a000,0x6836b000)]
  0x6859f800 JavaThread "nioEventLoopGroup-7-1" [_thread_blocked, id=19796, stack(0x682c9000,0x6831a000)]
  0x6c1e9c00 JavaThread "nioEventLoopGroup-4-1" [_thread_blocked, id=19793, stack(0x6836b000,0x683bc000)]
  0x6c2d4c00 JavaThread "nioEventLoopGroup-5-1" [_thread_blocked, id=19792, stack(0x683bc000,0x6840d000)]
  0xb6308000 JavaThread "DestroyJavaVM" [_thread_blocked, id=19768, stack(0xb6476000,0xb64c7000)]
  0x68aba400 JavaThread "Thread-7" [_thread_blocked, id=19790, stack(0x6840d000,0x6845e000)]
  0x68ab6000 JavaThread "Thread-6" [_thread_blocked, id=19789, stack(0x6845e000,0x684af000)]
  0x68ab4c00 JavaThread "Thread-3" [_thread_blocked, id=19788, stack(0x684af000,0x68500000)]
  0x68ab4000 JavaThread "Thread-2" [_thread_blocked, id=19787, stack(0x6862f000,0x68680000)]
  0x68aa5000 JavaThread "process reaper" daemon [_thread_blocked, id=19786, stack(0x68b02000,0x68b1d000)]
  0x68a76c00 JavaThread "outbound-mgmt-1" [_thread_blocked, id=19784, stack(0x68680000,0x686d1000)]
  0x68a75c00 JavaThread "inbound-mgmt-1" [_thread_blocked, id=19783, stack(0x68722000,0x68773000)]
  0x6949c000 JavaThread "Service Thread" daemon [_thread_blocked, id=19779, stack(0x68dad000,0x68dfe000)]
  0x6949a400 JavaThread "C2 CompilerThread1" daemon [_thread_blocked, id=19778, stack(0x68dfe000,0x68e7f000)]
  0x69498400 JavaThread "C2 CompilerThread0" daemon [_thread_blocked, id=19777, stack(0x68e7f000,0x68f00000)]
  0x69496800 JavaThread "Signal Dispatcher" daemon [_thread_blocked, id=19776, stack(0x6930d000,0x6935e000)]
  0x69484c00 JavaThread "Finalizer" daemon [_thread_blocked, id=19775, stack(0x6935e000,0x693af000)]
  0x69483400 JavaThread "Reference Handler" daemon [_thread_blocked, id=19774, stack(0x693af000,0x69400000)]

Other Threads:
=>0x69480800 VMThread [stack: 0x69526000,0x695a7000] [id=19773]
  0x6949e000 WatcherThread [stack: 0x68d2c000,0x68dad000] [id=19780]

VM state:at safepoint (normal execution)

VM Mutex/Monitor currently owned by a thread:  ([mutex/lock_event])
[0xb6305170] ExpandHeap_lock - owner thread: 0x69480800
[0xb63056b8] Threads_lock - owner thread: 0x69480800
[0xb6305ac8] Heap_lock - owner thread: 0x6bf6a400

Heap
 PSYoungGen      total 227840K, used 0K [0x9e480000, 0xb3200000, 0xb3200000)
  eden space 114176K, 0% used [0x9e480000,0x9e480000,0xa5400000)
  from space 113664K, 0% used [0xac300000,0xac300000,0xb3200000)
  to   space 113664K, 0% used [0xa5400000,0xa5400000,0xac300000)
 ParOldGen       total 470784K, used 231313K [0x74a00000, 0x915c0000, 0x9e480000)
  object space 470784K, 49% used [0x74a00000,0x82be4550,0x915c0000)
 PSPermGen       total 16384K, used 7744K [0x6ca00000, 0x6da00000, 0x74a00000)
  object space 16384K, 47% used [0x6ca00000,0x6d1900a0,0x6da00000)

Card table byte_map: [0x6c7cb000,0x6ca00000] byte_map_base: 0x6c466000

Polling page: 0xb76fa000

Code Cache  [0xb32e7000, 0xb3527000, 0xb62e7000)
 total_blobs=272 nmethods=128 adapters=95 free_code_cache=48626Kb largest_free_block=49785600

Compilation events (10 events):
Event: 30.981 Thread 0x69498400  125             java.nio.Buffer::position (43 bytes)
Event: 30.982 Thread 0x69498400 nmethod 125 0xb335d888 code [0xb335d980, 0xb335d9f0]
Event: 34.006 Thread 0x69498400  126             io.netty.buffer.AbstractByteBuf::writableBytes (10 bytes)
Event: 34.006 Thread 0x69498400 nmethod 126 0xb335d6c8 code [0xb335d7c0, 0xb335d830]
Event: 34.590 Thread 0x69498400  128             io.netty.buffer.AbstractByteBuf::ensureAccessible (17 bytes)
Event: 34.591 Thread 0x6949a400  129             io.netty.util.internal.PlatformDependent0::getInt (9 bytes)
Event: 34.605 Thread 0x69498400 nmethod 128 0xb3360e48 code [0xb3360f40, 0xb3360fd0]
Event: 34.605 Thread 0x69498400  130             io.netty.buffer.AbstractReferenceCountedByteBuf::refCnt (21 bytes)
Event: 34.605 Thread 0x69498400 nmethod 130 0xb3360cc8 code [0xb3360da0, 0xb3360df0]
Event: 34.605 Thread 0x69498400  131             io.netty.util.internal.PlatformDependent::getInt (6 bytes)

GC Heap History (10 events):
Event: 33.509 GC heap after
Heap after GC invocations=9 (full 1):
 PSYoungGen      total 178176K, used 0K [0x9e480000, 0xb3200000, 0xb3200000)
  eden space 114176K, 0% used [0x9e480000,0x9e480000,0xa5400000)
  from space 64000K, 0% used [0xaf380000,0xaf380000,0xb3200000)
  to   space 113664K, 0% used [0xa5400000,0xa5400000,0xac300000)
 ParOldGen       total 470784K, used 217021K [0x74a00000, 0x915c0000, 0x9e480000)
  object space 470784K, 46% used [0x74a00000,0x81def4f8,0x915c0000)
 PSPermGen       total 16384K, used 7738K [0x6ca00000, 0x6da00000, 0x74a00000)
  object space 16384K, 47% used [0x6ca00000,0x6d18ead0,0x6da00000)
}
Event: 33.788 GC heap before
{Heap before GC invocations=10 (full 1):
 PSYoungGen      total 178176K, used 114176K [0x9e480000, 0xb3200000, 0xb3200000)
  eden space 114176K, 100% used [0x9e480000,0xa5400000,0xa5400000)
  from space 64000K, 0% used [0xaf380000,0xaf380000,0xb3200000)
  to   space 113664K, 0% used [0xa5400000,0xa5400000,0xac300000)
 ParOldGen       total 470784K, used 217021K [0x74a00000, 0x915c0000, 0x9e480000)
  object space 470784K, 46% used [0x74a00000,0x81def4f8,0x915c0000)
 PSPermGen       total 16384K, used 7738K [0x6ca00000, 0x6da00000, 0x74a00000)
  object space 16384K, 47% used [0x6ca00000,0x6d18eb50,0x6da00000)
Event: 33.862 GC heap after
Heap after GC invocations=10 (full 1):
 PSYoungGen      total 227840K, used 46076K [0x9e480000, 0xb3200000, 0xb3200000)
  eden space 114176K, 0% used [0x9e480000,0x9e480000,0xa5400000)
  from space 113664K, 40% used [0xa5400000,0xa80ff170,0xac300000)
  to   space 113664K, 0% used [0xac300000,0xac300000,0xb3200000)
 ParOldGen       total 470784K, used 217021K [0x74a00000, 0x915c0000, 0x9e480000)
  object space 470784K, 46% used [0x74a00000,0x81def4f8,0x915c0000)
 PSPermGen       total 16384K, used 7738K [0x6ca00000, 0x6da00000, 0x74a00000)
  object space 16384K, 47% used [0x6ca00000,0x6d18eb50,0x6da00000)
}
Event: 34.036 GC heap before
{Heap before GC invocations=11 (full 1):
 PSYoungGen      total 227840K, used 142812K [0x9e480000, 0xb3200000, 0xb3200000)
  eden space 114176K, 84% used [0x9e480000,0xa42f8078,0xa5400000)
  from space 113664K, 40% used [0xa5400000,0xa80ff170,0xac300000)
  to   space 113664K, 0% used [0xac300000,0xac300000,0xb3200000)
 ParOldGen       total 470784K, used 217021K [0x74a00000, 0x915c0000, 0x9e480000)
  object space 470784K, 46% used [0x74a00000,0x81def4f8,0x915c0000)
 PSPermGen       total 16384K, used 7739K [0x6ca00000, 0x6da00000, 0x74a00000)
  object space 16384K, 47% used [0x6ca00000,0x6d18ed48,0x6da00000)
Event: 34.141 GC heap after
Heap after GC invocations=11 (full 1):
 PSYoungGen      total 227840K, used 91935K [0x9e480000, 0xb3200000, 0xb3200000)
  eden space 114176K, 0% used [0x9e480000,0x9e480000,0xa5400000)
  from space 113664K, 80% used [0xac300000,0xb1cc7cf8,0xb3200000)
  to   space 113664K, 0% used [0xa5400000,0xa5400000,0xac300000)
 ParOldGen       total 470784K, used 217021K [0x74a00000, 0x915c0000, 0x9e480000)
  object space 470784K, 46% used [0x74a00000,0x81def4f8,0x915c0000)
 PSPermGen       total 16384K, used 7739K [0x6ca00000, 0x6da00000, 0x74a00000)
  object space 16384K, 47% used [0x6ca00000,0x6d18ed48,0x6da00000)
}
Event: 34.359 GC heap before
{Heap before GC invocations=12 (full 1):
 PSYoungGen      total 227840K, used 155259K [0x9e480000, 0xb3200000, 0xb3200000)
  eden space 114176K, 55% used [0x9e480000,0xa22570e0,0xa5400000)
  from space 113664K, 80% used [0xac300000,0xb1cc7cf8,0xb3200000)
  to   space 113664K, 0% used [0xa5400000,0xa5400000,0xac300000)
 ParOldGen       total 470784K, used 217021K [0x74a00000, 0x915c0000, 0x9e480000)
  object space 470784K, 46% used [0x74a00000,0x81def4f8,0x915c0000)
 PSPermGen       total 16384K, used 7739K [0x6ca00000, 0x6da00000, 0x74a00000)
  object space 16384K, 47% used [0x6ca00000,0x6d18ede0,0x6da00000)
Event: 34.496 GC heap after
Heap after GC invocations=12 (full 1):
 PSYoungGen      total 227840K, used 38361K [0x9e480000, 0xb3200000, 0xb3200000)
  eden space 114176K, 0% used [0x9e480000,0x9e480000,0xa5400000)
  from space 113664K, 33% used [0xa5400000,0xa79767f0,0xac300000)
  to   space 113664K, 0% used [0xac300000,0xac300000,0xb3200000)
 ParOldGen       total 470784K, used 259520K [0x74a00000, 0x915c0000, 0x9e480000)
  object space 470784K, 55% used [0x74a00000,0x847700f8,0x915c0000)
 PSPermGen       total 16384K, used 7739K [0x6ca00000, 0x6da00000, 0x74a00000)
  object space 16384K, 47% used [0x6ca00000,0x6d18ede0,0x6da00000)
}
Event: 34.640 GC heap before
{Heap before GC invocations=13 (full 1):
 PSYoungGen      total 227840K, used 151377K [0x9e480000, 0xb3200000, 0xb3200000)
  eden space 114176K, 98% used [0x9e480000,0xa52ddf30,0xa5400000)
  from space 113664K, 33% used [0xa5400000,0xa79767f0,0xac300000)
  to   space 113664K, 0% used [0xac300000,0xac300000,0xb3200000)
 ParOldGen       total 470784K, used 259520K [0x74a00000, 0x915c0000, 0x9e480000)
  object space 470784K, 55% used [0x74a00000,0x847700f8,0x915c0000)
 PSPermGen       total 16384K, used 7744K [0x6ca00000, 0x6da00000, 0x74a00000)
  object space 16384K, 47% used [0x6ca00000,0x6d1900a0,0x6da00000)
Event: 34.877 GC heap after
Heap after GC invocations=13 (full 1):
 PSYoungGen      total 227840K, used 106560K [0x9e480000, 0xb3200000, 0xb3200000)
  eden space 114176K, 0% used [0x9e480000,0x9e480000,0xa5400000)
  from space 113664K, 93% used [0xac300000,0xb2b100b0,0xb3200000)
  to   space 113664K, 0% used [0xa5400000,0xa5400000,0xac300000)
 ParOldGen       total 470784K, used 390604K [0x74a00000, 0x915c0000, 0x9e480000)
  object space 470784K, 82% used [0x74a00000,0x8c7731a8,0x915c0000)
 PSPermGen       total 16384K, used 7744K [0x6ca00000, 0x6da00000, 0x74a00000)
  object space 16384K, 47% used [0x6ca00000,0x6d1900a0,0x6da00000)
}
Event: 34.877 GC heap before
{Heap before GC invocations=14 (full 2):
 PSYoungGen      total 227840K, used 106560K [0x9e480000, 0xb3200000, 0xb3200000)
  eden space 114176K, 0% used [0x9e480000,0x9e480000,0xa5400000)
  from space 113664K, 93% used [0xac300000,0xb2b100b0,0xb3200000)
  to   space 113664K, 0% used [0xa5400000,0xa5400000,0xac300000)
 ParOldGen       total 470784K, used 390604K [0x74a00000, 0x915c0000, 0x9e480000)
  object space 470784K, 82% used [0x74a00000,0x8c7731a8,0x915c0000)
 PSPermGen       total 16384K, used 7744K [0x6ca00000, 0x6da00000, 0x74a00000)
  object space 16384K, 47% used [0x6ca00000,0x6d1900a0,0x6da00000)

Deoptimization events (2 events):
Event: 0.179 Thread 0xb6308000 Uncommon trap: reason=class_check action=maybe_recompile pc=0xb3333f04 method=java.lang.String.equals(Ljava/lang/Object;)Z @ 8
Event: 0.179 Thread 0xb6308000 Uncommon trap: reason=class_check action=maybe_recompile pc=0xb3333f04 method=java.lang.String.equals(Ljava/lang/Object;)Z @ 8

Internal exceptions (10 events):
Event: 8.524 Thread 0x6bf66c00 Threw 0xa2321d68 at /build/buildd/openjdk-7-7u75-2.5.4/build/openjdk/hotspot/src/share/vm/prims/jni.cpp:721
Event: 8.524 Thread 0x68ab4c00 Threw 0xa2321ee8 at /build/buildd/openjdk-7-7u75-2.5.4/build/openjdk/hotspot/src/share/vm/prims/jni.cpp:721
Event: 10.529 Thread 0x6bf67c00 Threw 0xa25a3288 at /build/buildd/openjdk-7-7u75-2.5.4/build/openjdk/hotspot/src/share/vm/prims/jni.cpp:721
Event: 10.529 Thread 0x68ab4c00 Threw 0xa25a3408 at /build/buildd/openjdk-7-7u75-2.5.4/build/openjdk/hotspot/src/share/vm/prims/jni.cpp:721
Event: 12.533 Thread 0x6bf68c00 Threw 0xa28247a8 at /build/buildd/openjdk-7-7u75-2.5.4/build/openjdk/hotspot/src/share/vm/prims/jni.cpp:721
Event: 12.533 Thread 0x68ab4c00 Threw 0xa2824928 at /build/buildd/openjdk-7-7u75-2.5.4/build/openjdk/hotspot/src/share/vm/prims/jni.cpp:721
Event: 16.343 Thread 0xb632d400 JVM_StopThread thread JavaThread 0x00000000 as oop 0xa13cf9e0 [exception 0x6803fad8]
Event: 25.115 Thread 0x6bf62400 Threw 0xa1a30c58 at /build/buildd/openjdk-7-7u75-2.5.4/build/openjdk/hotspot/src/share/vm/prims/jvm.cpp:1284
Event: 25.119 Thread 0x6bf6a400 Threw 0xa2b103b8 at /build/buildd/openjdk-7-7u75-2.5.4/build/openjdk/hotspot/src/share/vm/prims/jvm.cpp:1284
Event: 25.120 Thread 0x6bf6a400 Threw 0xa2b16958 at /build/buildd/openjdk-7-7u75-2.5.4/build/openjdk/hotspot/src/share/vm/prims/jvm.cpp:1284

Events (10 events):
Event: 31.843 Executing VM operation: ParallelGCFailedAllocation
Event: 33.510 Executing VM operation: ParallelGCFailedAllocation done
Event: 33.621 Thread 0x69282400 Thread exited: 0x69282400
Event: 33.788 Executing VM operation: ParallelGCFailedAllocation
Event: 33.862 Executing VM operation: ParallelGCFailedAllocation done
Event: 34.030 Executing VM operation: ParallelGCFailedAllocation
Event: 34.141 Executing VM operation: ParallelGCFailedAllocation done
Event: 34.355 Executing VM operation: ParallelGCFailedAllocation
Event: 34.496 Executing VM operation: ParallelGCFailedAllocation done
Event: 34.628 Executing VM operation: ParallelGCFailedAllocation


Dynamic libraries:
08048000-08049000 r-xp 00000000 08:06 530283     /usr/lib/jvm/java-7-openjdk-i386/jre/bin/java
08049000-0804a000 r--p 00000000 08:06 530283     /usr/lib/jvm/java-7-openjdk-i386/jre/bin/java
0804a000-0804b000 rw-p 00001000 08:06 530283     /usr/lib/jvm/java-7-openjdk-i386/jre/bin/java
08058000-080f2000 rw-p 00000000 00:00 0          [heap]
5912e000-5c930000 rw-p 00000000 00:00 0 
5ed32000-61934000 rw-p 00000000 00:00 0 
637ba000-653bb000 rw-p 00000000 00:00 0 
6687e000-67700000 rw-p 00000000 00:00 0 
67700000-67761000 rw-p 00000000 00:00 0 
67761000-67800000 ---p 00000000 00:00 0 
67a00000-67a9b000 rw-p 00000000 00:00 0 
67a9b000-67b00000 ---p 00000000 00:00 0 
67b00000-67b29000 rw-p 00000000 00:00 0 
67b29000-67c00000 ---p 00000000 00:00 0 
67c00000-67c76000 rw-p 00000000 00:00 0 
67c76000-67d00000 ---p 00000000 00:00 0 
67d00000-67dff000 rw-p 00000000 00:00 0 
67dff000-67e00000 ---p 00000000 00:00 0 
67e00000-67ef8000 rw-p 00000000 00:00 0 
67ef8000-67f00000 ---p 00000000 00:00 0 
67f4e000-67f51000 ---p 00000000 00:00 0 
67f51000-67f9f000 rw-p 00000000 00:00 0          [stack:19867]
67f9f000-67fa2000 ---p 00000000 00:00 0 
67fa2000-67ff0000 rw-p 00000000 00:00 0 
67ff0000-67ff3000 ---p 00000000 00:00 0 
67ff3000-68041000 rw-p 00000000 00:00 0          [stack:19863]
68041000-68044000 ---p 00000000 00:00 0 
68044000-68092000 rw-p 00000000 00:00 0          [stack:19853]
68092000-68095000 ---p 00000000 00:00 0 
68095000-680e3000 rw-p 00000000 00:00 0          [stack:19818]
680e3000-680e6000 ---p 00000000 00:00 0 
680e6000-68134000 rw-p 00000000 00:00 0          [stack:19814]
68134000-68137000 ---p 00000000 00:00 0 
68137000-68185000 rw-p 00000000 00:00 0          [stack:19810]
68185000-68188000 ---p 00000000 00:00 0 
68188000-681d6000 rw-p 00000000 00:00 0          [stack:19808]
681d6000-681d9000 ---p 00000000 00:00 0 
681d9000-68227000 rw-p 00000000 00:00 0          [stack:19806]
68227000-6822a000 ---p 00000000 00:00 0 
6822a000-68278000 rw-p 00000000 00:00 0 
68278000-6827b000 ---p 00000000 00:00 0 
6827b000-682c9000 rw-p 00000000 00:00 0          [stack:19802]
682c9000-682cc000 ---p 00000000 00:00 0 
682cc000-6831a000 rw-p 00000000 00:00 0          [stack:19796]
6831a000-6831d000 ---p 00000000 00:00 0 
6831d000-6836b000 rw-p 00000000 00:00 0          [stack:19800]
6836b000-6836e000 ---p 00000000 00:00 0 
6836e000-683bc000 rw-p 00000000 00:00 0          [stack:19793]
683bc000-683bf000 ---p 00000000 00:00 0 
683bf000-6840d000 rw-p 00000000 00:00 0          [stack:19792]
6840d000-68410000 ---p 00000000 00:00 0 
68410000-6845e000 rw-p 00000000 00:00 0          [stack:19790]
6845e000-68461000 ---p 00000000 00:00 0 
68461000-684af000 rw-p 00000000 00:00 0          [stack:19789]
684af000-684b2000 ---p 00000000 00:00 0 
684b2000-68500000 rw-p 00000000 00:00 0          [stack:19788]
68500000-685aa000 rw-p 00000000 00:00 0 
685aa000-68600000 ---p 00000000 00:00 0 
6862f000-68632000 ---p 00000000 00:00 0 
68632000-68680000 rw-p 00000000 00:00 0          [stack:19787]
68680000-68683000 ---p 00000000 00:00 0 
68683000-686d1000 rw-p 00000000 00:00 0          [stack:19784]
686d1000-686d4000 ---p 00000000 00:00 0 
686d4000-68722000 rw-p 00000000 00:00 0 
68722000-68725000 ---p 00000000 00:00 0 
68725000-68773000 rw-p 00000000 00:00 0          [stack:19783]
68773000-6887d000 r-xp 00000000 08:06 787582     /lib/i386-linux-gnu/libglib-2.0.so.0.4002.0
6887d000-6887e000 r--p 00109000 08:06 787582     /lib/i386-linux-gnu/libglib-2.0.so.0.4002.0
6887e000-6887f000 rw-p 0010a000 08:06 787582     /lib/i386-linux-gnu/libglib-2.0.so.0.4002.0
6887f000-689fc000 r-xp 00000000 08:06 1835463    /usr/lib/i386-linux-gnu/libgio-2.0.so.0.4002.0
689fc000-689fe000 r--p 0017d000 08:06 1835463    /usr/lib/i386-linux-gnu/libgio-2.0.so.0.4002.0
689fe000-689ff000 rw-p 0017f000 08:06 1835463    /usr/lib/i386-linux-gnu/libgio-2.0.so.0.4002.0
689ff000-68a00000 rw-p 00000000 00:00 0 
68a00000-68afd000 rw-p 00000000 00:00 0 
68afd000-68b00000 ---p 00000000 00:00 0 
68b02000-68b05000 ---p 00000000 00:00 0 
68b05000-68b1d000 rw-p 00000000 00:00 0          [stack:19786]
68b1d000-68b59000 r-xp 00000000 08:06 787548     /lib/i386-linux-gnu/libpcre.so.3.13.1
68b59000-68b5a000 r--p 0003b000 08:06 787548     /lib/i386-linux-gnu/libpcre.so.3.13.1
68b5a000-68b5b000 rw-p 0003c000 08:06 787548     /lib/i386-linux-gnu/libpcre.so.3.13.1
68b5b000-68b6e000 r-xp 00000000 08:06 798121     /lib/i386-linux-gnu/libresolv-2.19.so
68b6e000-68b6f000 ---p 00013000 08:06 798121     /lib/i386-linux-gnu/libresolv-2.19.so
68b6f000-68b70000 r--p 00013000 08:06 798121     /lib/i386-linux-gnu/libresolv-2.19.so
68b70000-68b71000 rw-p 00014000 08:06 798121     /lib/i386-linux-gnu/libresolv-2.19.so
68b71000-68b73000 rw-p 00000000 00:00 0 
68b73000-68b93000 r-xp 00000000 08:06 787575     /lib/i386-linux-gnu/libselinux.so.1
68b93000-68b94000 r--p 0001f000 08:06 787575     /lib/i386-linux-gnu/libselinux.so.1
68b94000-68b95000 rw-p 00020000 08:06 787575     /lib/i386-linux-gnu/libselinux.so.1
68b95000-68b96000 rw-p 00000000 00:00 0 
68b96000-68be6000 r-xp 00000000 08:06 1835394    /usr/lib/i386-linux-gnu/libgobject-2.0.so.0.4002.0
68be6000-68be7000 r--p 0004f000 08:06 1835394    /usr/lib/i386-linux-gnu/libgobject-2.0.so.0.4002.0
68be7000-68be8000 rw-p 00050000 08:06 1835394    /usr/lib/i386-linux-gnu/libgobject-2.0.so.0.4002.0
68bfc000-68c00000 r--s 0004d000 08:06 530292     /usr/lib/jvm/java-7-openjdk-i386/jre/lib/jsse.jar
68c00000-68cf9000 rw-p 00000000 00:00 0 
68cf9000-68d00000 ---p 00000000 00:00 0 
68d00000-68d17000 r-xp 00000000 08:06 530317     /usr/lib/jvm/java-7-openjdk-i386/jre/lib/i386/libnet.so
68d17000-68d18000 r--p 00017000 08:06 530317     /usr/lib/jvm/java-7-openjdk-i386/jre/lib/i386/libnet.so
68d18000-68d19000 rw-p 00018000 08:06 530317     /usr/lib/jvm/java-7-openjdk-i386/jre/lib/i386/libnet.so
68d19000-68d2a000 r-xp 00000000 08:06 530309     /usr/lib/jvm/java-7-openjdk-i386/jre/lib/i386/libnio.so
68d2a000-68d2b000 r--p 00010000 08:06 530309     /usr/lib/jvm/java-7-openjdk-i386/jre/lib/i386/libnio.so
68d2b000-68d2c000 rw-p 00011000 08:06 530309     /usr/lib/jvm/java-7-openjdk-i386/jre/lib/i386/libnio.so
68d2c000-68d2d000 ---p 00000000 00:00 0 
68d2d000-68dad000 rw-p 00000000 00:00 0          [stack:19780]
68dad000-68db0000 ---p 00000000 00:00 0 
68db0000-68dfe000 rw-p 00000000 00:00 0          [stack:19779]
68dfe000-68e01000 ---p 00000000 00:00 0 
68e01000-68e7f000 rw-p 00000000 00:00 0          [stack:19778]
68e7f000-68e82000 ---p 00000000 00:00 0 
68e82000-68f00000 rw-p 00000000 00:00 0          [stack:19777]
68f00000-69100000 r--p 00000000 08:06 1843765    /usr/lib/locale/locale-archive
69100000-691a3000 rw-p 00000000 00:00 0 
691a3000-69200000 ---p 00000000 00:00 0 
69200000-692fe000 rw-p 00000000 00:00 0 
692fe000-69300000 ---p 00000000 00:00 0 
69303000-6930d000 r--s 00143000 08:06 1311652    /home/vishwarulz/Documents/Projects/Version1/SnapchatProto/lib/h2-1.3.169.jar
6930d000-69310000 ---p 00000000 00:00 0 
69310000-6935e000 rw-p 00000000 00:00 0          [stack:19776]
6935e000-69361000 ---p 00000000 00:00 0 
69361000-693af000 rw-p 00000000 00:00 0          [stack:19775]
693af000-693b2000 ---p 00000000 00:00 0 
693b2000-69400000 rw-p 00000000 00:00 0          [stack:19774]
69400000-694fc000 rw-p 00000000 00:00 0 
694fc000-69500000 ---p 00000000 00:00 0 
69500000-69505000 r-xp 00000000 08:06 1840599    /usr/lib/i386-linux-gnu/libffi.so.6.0.1
69505000-69506000 r--p 00005000 08:06 1840599    /usr/lib/i386-linux-gnu/libffi.so.6.0.1
69506000-69507000 rw-p 00006000 08:06 1840599    /usr/lib/i386-linux-gnu/libffi.so.6.0.1
69507000-69526000 r--s 001b9000 08:06 1311608    /home/vishwarulz/Documents/Projects/Version1/SnapchatProto/lib/netty-all-4.0.26.Final.jar
69526000-69527000 ---p 00000000 00:00 0 
69527000-695a7000 rw-p 00000000 00:00 0          [stack:19773]
695a7000-69758000 r--s 01d23000 08:06 530365     /usr/lib/jvm/java-7-openjdk-i386/jre/lib/rt.jar
69758000-6bf00000 rw-p 00000000 00:00 0 
6bf00000-6bff9000 rw-p 00000000 00:00 0 
6bff9000-6c000000 ---p 00000000 00:00 0 
6c000000-6c00e000 r--s 0007f000 08:06 1311741    /home/vishwarulz/Documents/Projects/Version1/SnapchatProto/lib/commons-collections-3.2.1.jar
6c00e000-6c01f000 r--s 000ac000 08:06 1311682    /home/vishwarulz/Documents/Projects/Version1/SnapchatProto/lib/jts-1.12.jar
6c01f000-6c036000 r--s 00169000 08:06 1311649    /home/vishwarulz/Documents/Projects/Version1/SnapchatProto/lib/netty-all-4.0.26.Final-sources.jar
6c036000-6c07f000 rw-p 00000000 00:00 0 
6c07f000-6c080000 ---p 00000000 00:00 0 
6c080000-6c100000 rw-p 00000000 00:00 0          [stack:19772]
6c100000-6c1fe000 rw-p 00000000 00:00 0 
6c1fe000-6c200000 ---p 00000000 00:00 0 
6c200000-6c2e5000 rw-p 00000000 00:00 0 
6c2e5000-6c300000 ---p 00000000 00:00 0 
6c302000-6c30a000 r--s 0007b000 08:06 1311710    /home/vishwarulz/Documents/Projects/Version1/SnapchatProto/lib/protobuf-java-2.5.0.jar
6c30a000-6c324000 r--s 00155000 08:06 1311605    /home/vishwarulz/Documents/Projects/Version1/SnapchatProto/lib/netty-all-4.0.15.Final.jar
6c324000-6c37f000 rw-p 00000000 00:00 0 
6c37f000-6c380000 ---p 00000000 00:00 0 
6c380000-6c400000 rw-p 00000000 00:00 0          [stack:19771]
6c400000-6c500000 rw-p 00000000 00:00 0 
6c500000-6c506000 r--s 00034000 08:06 1311657    /home/vishwarulz/Documents/Projects/Version1/SnapchatProto/lib/junit-4.8.2.jar
6c506000-6c517000 r--s 000e7000 08:06 1311532    /home/vishwarulz/Documents/Projects/Version1/SnapchatProto/lib/jackson-all-1.8.5.jar
6c517000-6c53b000 r--s 001aa000 08:06 1311774    /home/vishwarulz/Documents/Projects/Version1/SnapchatProto/lib/guava-13.0.1.jar
6c53b000-6c53c000 ---p 00000000 00:00 0 
6c53c000-6c5bc000 rw-p 00000000 00:00 0          [stack:19770]
6c5bc000-6c5bd000 ---p 00000000 00:00 0 
6c5bd000-6c645000 rw-p 00000000 00:00 0          [stack:19769]
6c645000-6c67d000 rw-p 00000000 00:00 0 
6c67d000-6c763000 rw-p 00000000 00:00 0 
6c763000-6c7cb000 rw-p 00000000 00:00 0 
6c7cb000-6c7d3000 rw-p 00000000 00:00 0 
6c7d3000-6c80b000 rw-p 00000000 00:00 0 
6c80b000-6c8f1000 rw-p 00000000 00:00 0 
6c8f1000-6c958000 rw-p 00000000 00:00 0 
6c958000-6c9ff000 rw-p 00000000 00:00 0 
6c9ff000-6da00000 rw-p 00000000 00:00 0 
6da00000-74a00000 rw-p 00000000 00:00 0 
74a00000-915c0000 rw-p 00000000 00:00 0 
98ac0000-9e480000 rw-p 00000000 00:00 0 
9e480000-b3200000 rw-p 00000000 00:00 0 
b3200000-b3203000 r-xp 00000000 08:06 1838754    /usr/lib/i386-linux-gnu/libgmodule-2.0.so.0.4002.0
b3203000-b3204000 r--p 00002000 08:06 1838754    /usr/lib/i386-linux-gnu/libgmodule-2.0.so.0.4002.0
b3204000-b3205000 rw-p 00003000 08:06 1838754    /usr/lib/i386-linux-gnu/libgmodule-2.0.so.0.4002.0
b3205000-b3206000 r--s 00002000 08:06 1311771    /home/vishwarulz/Documents/Projects/Version1/SnapchatProto/lib/slf4j-simple-1.7.2.jar
b3206000-b320a000 r--s 00038000 08:06 1311709    /home/vishwarulz/Documents/Projects/Version1/SnapchatProto/lib/commons-lang-2.3.jar
b320a000-b320c000 r--s 0001b000 08:06 1311530    /home/vishwarulz/Documents/Projects/Version1/SnapchatProto/lib/bonecp-0.7.1.RELEASE.jar
b320c000-b3230000 rw-p 00000000 00:00 0 
b3230000-b32e7000 rw-p 00000000 00:00 0 
b32e7000-b3527000 rwxp 00000000 00:00 0 
b3527000-b62e7000 rw-p 00000000 00:00 0 
b62e7000-b62f2000 r-xp 00000000 08:06 798123     /lib/i386-linux-gnu/libnss_files-2.19.so
b62f2000-b62f3000 r--p 0000a000 08:06 798123     /lib/i386-linux-gnu/libnss_files-2.19.so
b62f3000-b62f4000 rw-p 0000b000 08:06 798123     /lib/i386-linux-gnu/libnss_files-2.19.so
b62f4000-b62fe000 r-xp 00000000 08:06 798109     /lib/i386-linux-gnu/libnss_nis-2.19.so
b62fe000-b62ff000 r--p 00009000 08:06 798109     /lib/i386-linux-gnu/libnss_nis-2.19.so
b62ff000-b6300000 rw-p 0000a000 08:06 798109     /lib/i386-linux-gnu/libnss_nis-2.19.so
b6300000-b6400000 rw-p 00000000 00:00 0 
b6400000-b6402000 r--s 00005000 08:06 1311493    /home/vishwarulz/Documents/Projects/Version1/SnapchatProto/lib/slf4j-api-1.7.2.jar
b6402000-b6404000 r--s 00006000 08:06 2238881    /usr/share/java/java-atk-wrapper.jar
b6404000-b6407000 r--s 0000f000 08:06 530339     /usr/lib/jvm/java-7-openjdk-i386/jre/lib/ext/icedtea-sound.jar
b6407000-b640a000 r--s 00086000 08:06 530338     /usr/lib/jvm/java-7-openjdk-i386/jre/lib/ext/localedata.jar
b640a000-b641f000 r-xp 00000000 08:06 798110     /lib/i386-linux-gnu/libnsl-2.19.so
b641f000-b6420000 r--p 00015000 08:06 798110     /lib/i386-linux-gnu/libnsl-2.19.so
b6420000-b6421000 rw-p 00016000 08:06 798110     /lib/i386-linux-gnu/libnsl-2.19.so
b6421000-b6423000 rw-p 00000000 00:00 0 
b6423000-b642a000 r-xp 00000000 08:06 798115     /lib/i386-linux-gnu/libnss_compat-2.19.so
b642a000-b642b000 r--p 00006000 08:06 798115     /lib/i386-linux-gnu/libnss_compat-2.19.so
b642b000-b642c000 rw-p 00007000 08:06 798115     /lib/i386-linux-gnu/libnss_compat-2.19.so
b642c000-b642e000 r--s 00012000 08:06 530340     /usr/lib/jvm/java-7-openjdk-i386/jre/lib/ext/zipfs.jar
b642e000-b6432000 r--s 00034000 08:06 530341     /usr/lib/jvm/java-7-openjdk-i386/jre/lib/ext/sunjce_provider.jar
b6432000-b643a000 r-xp 00000000 08:06 530312     /usr/lib/jvm/java-7-openjdk-i386/jre/lib/i386/libzip.so
b643a000-b643b000 r--p 00007000 08:06 530312     /usr/lib/jvm/java-7-openjdk-i386/jre/lib/i386/libzip.so
b643b000-b643c000 rw-p 00008000 08:06 530312     /usr/lib/jvm/java-7-openjdk-i386/jre/lib/i386/libzip.so
b643c000-b6444000 rw-s 00000000 08:06 2755091    /tmp/hsperfdata_vishwarulz/19767
b6444000-b646b000 r-xp 00000000 08:06 530297     /usr/lib/jvm/java-7-openjdk-i386/jre/lib/i386/libjava.so
b646b000-b646c000 r--p 00026000 08:06 530297     /usr/lib/jvm/java-7-openjdk-i386/jre/lib/i386/libjava.so
b646c000-b646d000 rw-p 00027000 08:06 530297     /usr/lib/jvm/java-7-openjdk-i386/jre/lib/i386/libjava.so
b646d000-b6474000 r-xp 00000000 08:06 798124     /lib/i386-linux-gnu/librt-2.19.so
b6474000-b6475000 r--p 00006000 08:06 798124     /lib/i386-linux-gnu/librt-2.19.so
b6475000-b6476000 rw-p 00007000 08:06 798124     /lib/i386-linux-gnu/librt-2.19.so
b6476000-b6479000 ---p 00000000 00:00 0 
b6479000-b64c7000 rw-p 00000000 00:00 0          [stack:19768]
b64c7000-b64e3000 r-xp 00000000 08:06 795841     /lib/i386-linux-gnu/libgcc_s.so.1
b64e3000-b64e4000 r--p 0001b000 08:06 795841     /lib/i386-linux-gnu/libgcc_s.so.1
b64e4000-b64e5000 rw-p 0001c000 08:06 795841     /lib/i386-linux-gnu/libgcc_s.so.1
b64e5000-b6529000 r-xp 00000000 08:06 798114     /lib/i386-linux-gnu/libm-2.19.so
b6529000-b652a000 r--p 00043000 08:06 798114     /lib/i386-linux-gnu/libm-2.19.so
b652a000-b652b000 rw-p 00044000 08:06 798114     /lib/i386-linux-gnu/libm-2.19.so
b652b000-b668f000 r-xp 00000000 08:06 1853355    /usr/lib/i386-linux-gnu/libstdc++.so.6.0.21
b668f000-b6694000 r--p 00164000 08:06 1853355    /usr/lib/i386-linux-gnu/libstdc++.so.6.0.21
b6694000-b6695000 rw-p 00169000 08:06 1853355    /usr/lib/i386-linux-gnu/libstdc++.so.6.0.21
b6695000-b6698000 rw-p 00000000 00:00 0 
b6698000-b7086000 r-xp 00000000 08:06 530321     /usr/lib/jvm/java-7-openjdk-i386/jre/lib/i386/server/libjvm.so
b7086000-b70d8000 r--p 009ed000 08:06 530321     /usr/lib/jvm/java-7-openjdk-i386/jre/lib/i386/server/libjvm.so
b70d8000-b70ec000 rw-p 00a3f000 08:06 530321     /usr/lib/jvm/java-7-openjdk-i386/jre/lib/i386/server/libjvm.so
b70ec000-b750a000 rw-p 00000000 00:00 0 
b750a000-b7522000 r-xp 00000000 08:06 787608     /lib/i386-linux-gnu/libz.so.1.2.8
b7522000-b7523000 r--p 00017000 08:06 787608     /lib/i386-linux-gnu/libz.so.1.2.8
b7523000-b7524000 rw-p 00018000 08:06 787608     /lib/i386-linux-gnu/libz.so.1.2.8
b7524000-b753c000 r-xp 00000000 08:06 798119     /lib/i386-linux-gnu/libpthread-2.19.so
b753c000-b753d000 r--p 00018000 08:06 798119     /lib/i386-linux-gnu/libpthread-2.19.so
b753d000-b753e000 rw-p 00019000 08:06 798119     /lib/i386-linux-gnu/libpthread-2.19.so
b753e000-b7540000 rw-p 00000000 00:00 0 
b7540000-b7543000 r-xp 00000000 08:06 798107     /lib/i386-linux-gnu/libdl-2.19.so
b7543000-b7544000 r--p 00002000 08:06 798107     /lib/i386-linux-gnu/libdl-2.19.so
b7544000-b7545000 rw-p 00003000 08:06 798107     /lib/i386-linux-gnu/libdl-2.19.so
b7545000-b76ed000 r-xp 00000000 08:06 798106     /lib/i386-linux-gnu/libc-2.19.so
b76ed000-b76ef000 r--p 001a8000 08:06 798106     /lib/i386-linux-gnu/libc-2.19.so
b76ef000-b76f0000 rw-p 001aa000 08:06 798106     /lib/i386-linux-gnu/libc-2.19.so
b76f0000-b76f3000 rw-p 00000000 00:00 0 
b76f3000-b76f4000 r--s 00002000 08:06 530337     /usr/lib/jvm/java-7-openjdk-i386/jre/lib/ext/dnsns.jar
b76f4000-b76f8000 r--s 0003c000 08:06 530342     /usr/lib/jvm/java-7-openjdk-i386/jre/lib/ext/sunpkcs11.jar
b76f8000-b76f9000 r--p 00855000 08:06 1843765    /usr/lib/locale/locale-archive
b76f9000-b76fa000 rw-p 00000000 00:00 0 
b76fa000-b76fb000 ---p 00000000 00:00 0 
b76fb000-b7709000 r-xp 00000000 08:06 530311     /usr/lib/jvm/java-7-openjdk-i386/jre/lib/i386/libverify.so
b7709000-b770a000 r--p 0000d000 08:06 530311     /usr/lib/jvm/java-7-openjdk-i386/jre/lib/i386/libverify.so
b770a000-b770b000 rw-p 0000e000 08:06 530311     /usr/lib/jvm/java-7-openjdk-i386/jre/lib/i386/libverify.so
b770b000-b7717000 r-xp 00000000 08:06 530300     /usr/lib/jvm/java-7-openjdk-i386/jre/lib/i386/jli/libjli.so
b7717000-b7718000 r--p 0000c000 08:06 530300     /usr/lib/jvm/java-7-openjdk-i386/jre/lib/i386/jli/libjli.so
b7718000-b7719000 rw-p 0000d000 08:06 530300     /usr/lib/jvm/java-7-openjdk-i386/jre/lib/i386/jli/libjli.so
b7719000-b771c000 rw-p 00000000 00:00 0 
b771c000-b771d000 r-xp 00000000 00:00 0          [vdso]
b771d000-b773d000 r-xp 00000000 08:06 798108     /lib/i386-linux-gnu/ld-2.19.so
b773d000-b773e000 r--p 0001f000 08:06 798108     /lib/i386-linux-gnu/ld-2.19.so
b773e000-b773f000 rw-p 00020000 08:06 798108     /lib/i386-linux-gnu/ld-2.19.so
bfd11000-bfd12000 rwxp 00000000 00:00 0 
bfd44000-bfd65000 rw-p 00000000 00:00 0          [stack]

VM Arguments:
jvm_args: -Xms500m -Xmx1000m 
java_command: snapchatproto.servers.Server server1.conf
Launcher Type: SUN_STANDARD

Environment Variables:
PATH=/usr/local/sbin:/usr/local/bin:/usr/sbin:/usr/bin:/sbin:/bin:/usr/games:/usr/local/games
SHELL=/bin/bash
DISPLAY=:0

Signal Handlers:
SIGSEGV: [libjvm.so+0x80c740], sa_mask[0]=0x7ffbfeff, sa_flags=0x10000004
SIGBUS: [libjvm.so+0x80c740], sa_mask[0]=0x7ffbfeff, sa_flags=0x10000004
SIGFPE: [libjvm.so+0x6847c0], sa_mask[0]=0x7ffbfeff, sa_flags=0x10000004
SIGPIPE: [libjvm.so+0x6847c0], sa_mask[0]=0x7ffbfeff, sa_flags=0x10000004
SIGXFSZ: [libjvm.so+0x6847c0], sa_mask[0]=0x7ffbfeff, sa_flags=0x10000004
SIGILL: [libjvm.so+0x6847c0], sa_mask[0]=0x7ffbfeff, sa_flags=0x10000004
SIGUSR1: SIG_DFL, sa_mask[0]=0x00000000, sa_flags=0x00000000
SIGUSR2: [libjvm.so+0x684650], sa_mask[0]=0x00000000, sa_flags=0x10000004
SIGHUP: [libjvm.so+0x684880], sa_mask[0]=0x7ffbfeff, sa_flags=0x10000004
SIGINT: [libjvm.so+0x684880], sa_mask[0]=0x7ffbfeff, sa_flags=0x10000004
SIGTERM: [libjvm.so+0x684880], sa_mask[0]=0x7ffbfeff, sa_flags=0x10000004
SIGQUIT: [libjvm.so+0x684880], sa_mask[0]=0x7ffbfeff, sa_flags=0x10000004
SIGTRAP: SIG_DFL, sa_mask[0]=0x00000000, sa_flags=0x00000000


---------------  S Y S T E M  ---------------

OS:Ubuntu 14.04 (trusty)
uname:Linux 3.13.0-48-generic #80-Ubuntu SMP Thu Mar 12 11:16:18 UTC 2015 i686
libc:glibc 2.19 NPTL 2.19 
rlimit: STACK 8192k, CORE 0k, NPROC 47630, NOFILE 4096, AS infinity
load average:12.60 3.42 1.72

/proc/meminfo:
MemTotal:        6115956 kB
MemFree:          318916 kB
Buffers:             736 kB
Cached:           370780 kB
SwapCached:            0 kB
Active:          5294088 kB
Inactive:         361588 kB
Active(anon):    5287416 kB
Inactive(anon):   355536 kB
Active(file):       6672 kB
Inactive(file):     6052 kB
Unevictable:         520 kB
Mlocked:             520 kB
HighTotal:       5287556 kB
HighFree:          69336 kB
LowTotal:         828400 kB
LowFree:          249580 kB
SwapTotal:             0 kB
SwapFree:              0 kB
Dirty:               164 kB
Writeback:             8 kB
AnonPages:       5284928 kB
Mapped:            82796 kB
Shmem:            358544 kB
Slab:              50348 kB
SReclaimable:      20848 kB
SUnreclaim:        29500 kB
KernelStack:        6368 kB
PageTables:        27760 kB
NFS_Unstable:          0 kB
Bounce:             1364 kB
WritebackTmp:          0 kB
CommitLimit:     3057976 kB
Committed_AS:   10860608 kB
VmallocTotal:     122880 kB
VmallocUsed:       16196 kB
VmallocChunk:      98920 kB
HardwareCorrupted:     0 kB
AnonHugePages:   2639872 kB
HugePages_Total:       0
HugePages_Free:        0
HugePages_Rsvd:        0
HugePages_Surp:        0
Hugepagesize:       2048 kB
DirectMap4k:       26616 kB
DirectMap2M:      886784 kB


CPU:total 4 (2 cores per cpu, 2 threads per core) family 6 model 42 stepping 7, cmov, cx8, fxsr, mmx, sse, sse2, sse3, ssse3, sse4.1, sse4.2, popcnt, avx, aes, ht, tsc, tscinvbit

/proc/cpuinfo:
processor	: 0
vendor_id	: GenuineIntel
cpu family	: 6
model		: 42
model name	: Intel(R) Core(TM) i5-2430M CPU @ 2.40GHz
stepping	: 7
microcode	: 0x18
cpu MHz		: 2401.000
cache size	: 3072 KB
physical id	: 0
siblings	: 4
core id		: 0
cpu cores	: 2
apicid		: 0
initial apicid	: 0
fdiv_bug	: no
f00f_bug	: no
coma_bug	: no
fpu		: yes
fpu_exception	: yes
cpuid level	: 13
wp		: yes
flags		: fpu vme de pse tsc msr pae mce cx8 apic sep mtrr pge mca cmov pat pse36 clflush dts acpi mmx fxsr sse sse2 ss ht tm pbe nx rdtscp lm constant_tsc arch_perfmon pebs bts xtopology nonstop_tsc aperfmperf eagerfpu pni pclmulqdq dtes64 monitor ds_cpl vmx est tm2 ssse3 cx16 xtpr pdcm pcid sse4_1 sse4_2 x2apic popcnt tsc_deadline_timer aes xsave avx lahf_lm ida arat epb xsaveopt pln pts dtherm tpr_shadow vnmi flexpriority ept vpid
bogomips	: 4789.18
clflush size	: 64
cache_alignment	: 64
address sizes	: 36 bits physical, 48 bits virtual
power management:

processor	: 1
vendor_id	: GenuineIntel
cpu family	: 6
model		: 42
model name	: Intel(R) Core(TM) i5-2430M CPU @ 2.40GHz
stepping	: 7
microcode	: 0x18
cpu MHz		: 2401.000
cache size	: 3072 KB
physical id	: 0
siblings	: 4
core id		: 0
cpu cores	: 2
apicid		: 1
initial apicid	: 1
fdiv_bug	: no
f00f_bug	: no
coma_bug	: no
fpu		: yes
fpu_exception	: yes
cpuid level	: 13
wp		: yes
flags		: fpu vme de pse tsc msr pae mce cx8 apic sep mtrr pge mca cmov pat pse36 clflush dts acpi mmx fxsr sse sse2 ss ht tm pbe nx rdtscp lm constant_tsc arch_perfmon pebs bts xtopology nonstop_tsc aperfmperf eagerfpu pni pclmulqdq dtes64 monitor ds_cpl vmx est tm2 ssse3 cx16 xtpr pdcm pcid sse4_1 sse4_2 x2apic popcnt tsc_deadline_timer aes xsave avx lahf_lm ida arat epb xsaveopt pln pts dtherm tpr_shadow vnmi flexpriority ept vpid
bogomips	: 4789.18
clflush size	: 64
cache_alignment	: 64
address sizes	: 36 bits physical, 48 bits virtual
power management:

processor	: 2
vendor_id	: GenuineIntel
cpu family	: 6
model		: 42
model name	: Intel(R) Core(TM) i5-2430M CPU @ 2.40GHz
stepping	: 7
microcode	: 0x18
cpu MHz		: 2401.000
cache size	: 3072 KB
physical id	: 0
siblings	: 4
core id		: 1
cpu cores	: 2
apicid		: 2
initial apicid	: 2
fdiv_bug	: no
f00f_bug	: no
coma_bug	: no
fpu		: yes
fpu_exception	: yes
cpuid level	: 13
wp		: yes
flags		: fpu vme de pse tsc msr pae mce cx8 apic sep mtrr pge mca cmov pat pse36 clflush dts acpi mmx fxsr sse sse2 ss ht tm pbe nx rdtscp lm constant_tsc arch_perfmon pebs bts xtopology nonstop_tsc aperfmperf eagerfpu pni pclmulqdq dtes64 monitor ds_cpl vmx est tm2 ssse3 cx16 xtpr pdcm pcid sse4_1 sse4_2 x2apic popcnt tsc_deadline_timer aes xsave avx lahf_lm ida arat epb xsaveopt pln pts dtherm tpr_shadow vnmi flexpriority ept vpid
bogomips	: 4789.18
clflush size	: 64
cache_alignment	: 64
address sizes	: 36 bits physical, 48 bits virtual
power management:

processor	: 3
vendor_id	: GenuineIntel
cpu family	: 6
model		: 42
model name	: Intel(R) Core(TM) i5-2430M CPU @ 2.40GHz
stepping	: 7
microcode	: 0x18
cpu MHz		: 2401.000
cache size	: 3072 KB
physical id	: 0
siblings	: 4
core id		: 1
cpu cores	: 2
apicid		: 3
initial apicid	: 3
fdiv_bug	: no
f00f_bug	: no
coma_bug	: no
fpu		: yes
fpu_exception	: yes
cpuid level	: 13
wp		: yes
flags		: fpu vme de pse tsc msr pae mce cx8 apic sep mtrr pge mca cmov pat pse36 clflush dts acpi mmx fxsr sse sse2 ss ht tm pbe nx rdtscp lm constant_tsc arch_perfmon pebs bts xtopology nonstop_tsc aperfmperf eagerfpu pni pclmulqdq dtes64 monitor ds_cpl vmx est tm2 ssse3 cx16 xtpr pdcm pcid sse4_1 sse4_2 x2apic popcnt tsc_deadline_timer aes xsave avx lahf_lm ida arat epb xsaveopt pln pts dtherm tpr_shadow vnmi flexpriority ept vpid
bogomips	: 4789.18
clflush size	: 64
cache_alignment	: 64
address sizes	: 36 bits physical, 48 bits virtual
power management:



Memory: 4k page, physical 6115956k(318916k free), swap 0k(0k free)

vm_info: OpenJDK Server VM (24.75-b04) for linux-x86 JRE (1.7.0_75-b13), built on Jan 27 2015 00:41:34 by "buildd" with gcc 4.8.2

time: Tue Apr  7 16:53:45 2015
elapsed time: 52 seconds

